Microsoft (R) Help Compiler
HCRTF 4.01.0951
Copyright (c) Microsoft Corp 1990 - 1995. All rights reserved.
flarium24.hpj
    HC1010: Note: 
	The following mapped Topic IDs were not used in any topic:
	HID_DRAW_111
	HID_DRAW_112
	HID_DRAW_113
	HID_DRAW_114
	HID_DRAW_115
	HID_DRAW_116
	HID_DRAW_117
	HID_DRAW_118
	HID_DRAW_119
	HID_DRAW_110
	HID_DRAW_121
	HID_DRAW_122
	HID_DRAW_123
	HID_DRAW_124
	HID_DRAW_125
	HID_DRAW_126
	HID_DRAW_127
	HID_DRAW_128
	HID_DRAW_129
	HID_DRAW_120
	HID_DRAW_131
	HID_DRAW_133
	HID_DRAW_134
	HID_DRAW_135
	HID_DRAW_136
	HID_DRAW_137
	HID_DRAW_138
	HID_DRAW_130
	HID_DRAW_141
	HID_DRAW_142
	HID_DRAW_143
	HID_DRAW_144
	HID_DRAW_145
	HID_DRAW_146
	HID_DRAW_140
	HID_DRAW_101
	HID_DRAW_102
	HID_DRAW_103
	HID_DRAW_104
	HID_DRAW_105
	HID_DRAW_106
	HID_DRAW_107
	HID_DRAW_108
	HID_DRAW_109
	HID_DRAW_100
	HIDD_NTH_ORDER
	HIDD_AFFINE
	HID_FILE_PRINTSCALING
	HID_VIEW_NEW
	AFX_HIDP_GET_NOT_SUPPORTED
	HID_FDIMENSION_VARIATEI
	HID_FILTER3_57
	HID_FILTER3_58
	HID_FILTER3_59
	HID_FILTER3_60
	HID_DRAW_REPEAT
	HIDD_CLOUDS
	HIDD_CMPLX2
	HID_RECORD_FIRST
	HID_EDIT_SELECT_ALL
	HID_FILE_UPDATE
	AFX_HIDW_RESIZE_BAR
	AFX_HIDP_SQL_NO_DATA_FOUND
	AFX_HIDP_SQL_EMPTY_COLUMN_LIST
	HID_IMAGE_SIZE
	AFX_HIDP_SQL_ODBC_LOAD_FAILED
	HID_VIEW_ZOOM
	AFX_HIDP_FAILED_TO_CREATE
	HID_DRAW_FSET
	HID_OPTIONS_1
	HID_OPTIONS_2
	HID_OPTIONS_3
	HID_OPTIONS_4
	HID_OPTIONS_5
	HID_OPTIONS_6
	HID_OPTIONS_7
	HID_OPTIONS_8
	HID_OPTIONS_9
	AFX_HIDD_BUSY
	AFX_HIDP_ARCH_NONE
	HID_RECORD_LAST
	HID_RECORD_NEXT
	HID_RECORD_PREV
	AFX_HIDD_OBJECTPROPERTIES
	HID_DRAW_UNIQUE
	AFX_HIDP_FILE_TOO_MANY_OPEN
	HIDD_BGCOLOR
	AFX_HIDP_FILE_ACCESS_DENIED
	HID_FRACTAL_BIOMORPHTESTXORY
	HID_SHIFT_STEP
	HID_FILE_SAVE_COPY_AS
	AFX_HIDD_CONVERT
	HID_VIEW_STRETCHTOFIT
	AFX_HIDP_ASK_TO_DISCARD
	AFX_HIDP_SQL_FIELD_SCHEMA_MISMATCH
	AFX_HIDP_SQL_LOCK_MODE_NOT_SUPPORTED
	HID_IMAGE_ASPECTRATIO
	HID_FORMAT_FONT
	AFX_HIDP_FILE_HARD_IO
	AFX_HIDD_CHANGESOURCE
	HID_DRAW_BIOMORPH_4
	HID_DRAW_BIOMORPH_5
	HID_DRAW_BIOMORPH_6
	HID_HT_NOWHERE
	AFX_HIDP_FILE_NOT_FOUND
	AFX_HIDW_DOCKBAR_TOP
	AFX_HIDP_DAO_DFX_BIND
	AFX_HIDP_SQL_ODBC_V2_REQUIRED
	AFX_HIDP_SQL_NO_ROWS_AFFECTED
	HID_OLE_EDIT_CONVERT
	AFX_HIDP_SQL_SQL_CONFORMANCE
	AFX_HIDD_INSERTOBJECT
	AFX_HIDP_SQL_RECORDSET_READONLY
	HIDD_LATOOF
	HIDD_GRADIENT
	HID_FILTER_11
	HID_FILTER_12
	HID_FILTER_13
	HID_FILTER_14
	HID_FILTER_15
	HID_FILTER_16
	HID_FILTER_17
	HID_FILTER_18
	HID_FILTER_10
	HID_FILTER_31
	HID_FILTER_32
	HID_FILTER_33
	HID_FILTER_34
	HID_FILTER_35
	HID_FILTER_36
	HID_FILTER_37
	HID_FILTER_38
	HID_FILTER_39
	HID_FILTER_30
	HID_FILTER_41
	HID_FILTER_42
	HID_FILTER_43
	HID_FILTER_44
	HID_FILTER_45
	HID_FILTER_46
	HID_FILTER_47
	HID_FILTER_48
	HID_FILTER_49
	HID_FILTER_40
	HID_FILTER_51
	HID_FILTER_52
	HID_FILTER_53
	HID_FILTER_54
	HID_FILTER_55
	HID_FILTER_56
	HID_FILTER_50
	HID_FILTER_61
	HID_FILTER_62
	HID_FILTER_63
	HID_FILTER_64
	HID_FILTER_65
	HID_FILTER_66
	HID_FILTER_67
	HID_FILTER_68
	HID_FILTER_69
	HID_FILTER_71
	HID_FILTER_70
	HID_FILTER3_NOTHINGBUTSTRANDS
	HID_FRACTAL_1BIOMORPHXORY
	HID_DRAW_LATOOFDLG
	AFX_HIDP_PARSE_RADIO_BUTTON
	HIDD_DIALOG_1RW
	HID_IMAGE_CLEAR
	HID_EDIT_PASTE_SPECIAL
	AFX_HIDP_DAO_ROWTOOSHORT
	AFX_HIDP_SQL_INCORRECT_ODBC
	AFX_HIDP_NO_ERROR_AVAILABLE
	HID_FILE_LOADPARAMETERS
	AFX_HIDW_DOCKBAR_BOTTOM
	HID_DRAW_ABORT
	AFX_HIDP_FILE_DIR_FULL
	HID_DRAW_ORIENTATION
	AFX_HIDP_DAO_BADBINDINFO
	AFX_HIDP_SQL_UPDATE_DELETE_FAILED
	AFX_HIDP_PARSE_DATETIME
	HID_OLE_EDIT_CHANGE_ICON
	HID_DRAW_ZEROINIT
	AFX_HIDP_ARCH_ENDOFFILE
	AFX_HIDP_SQL_SQL_NO_TOTAL
	AFX_HIDP_SQL_CONNECT_FAIL
	AFX_HIDP_SQL_API_CONFORMANCE
	HIDD_ORIENT
	HID_OLE_EDIT_PROPERTIES
	AFX_HIDP_FILE_DISKFULL
	HIDD_PARAMS
	HID_FILTER3
	HIDD_DIMENSIONS
	AFX_HIDW_DOCKBAR_LEFT
	AFX_HIDP_FILE_REMOVE_CURRENT
	AFX_HIDP_ARCH_BADCLASS
	AFX_HIDP_SQL_NO_POSITIONED_UPDATES
	HID_OLE_VERB_1
	HID_OLE_VERB_1
	HID_OLE_VERB_1
	HID_OLE_VERB_1
	HID_OLE_VERB_1
	HID_OLE_VERB_1
	HID_OLE_VERB_1
	HID_OLE_VERB_1
	HID_OLE_VERB_1
	HID_OLE_VERB_1
	HID_OLE_VERB_1
	HID_OLE_VERB_1
	HID_OLE_VERB_1
	HID_OLE_VERB_1
	HID_OLE_VERB_1
	HID_OLE_VERB_1
	AFX_HIDP_ARCH_BADINDEX
	HID_SHIFT_DIALOG
	HID_WIZBACK
	HID_WIZNEXT
	AFX_HIDP_PARSE_CURRENCY
	AFX_HIDP_FILE_NONE
	AFX_HIDP_FAILED_TO_CONVERT
	HID_FRACTAL_BIOMORPHNONE
	HID_HELP_FINDER
	AFX_HIDP_FILE_EOF
	HID_FILE_SAVEPARAMETERS
	HID_WINDOW_SIZEDESKTOP
	HID_EDIT_UNDOFRACTALSELECTION
	HID_IMAGE_BACKGROUNDCOLOR
	AFX_HIDP_FILE_LOCKING
	AFX_HIDP_SQL_ILLEGAL_MODE
	AFX_HIDD_PREVIEW_TOOLBAR
	AFX_HIDP_SQL_NO_CURRENT_RECORD
	AFX_HIDP_FILE_BAD_PATH
	AFX_HIDP_FILE_BAD_SEEK
	HID_DRAW_QUATERNIONPARAMETERS
	AFX_HIDP_SQL_ROW_UPDATE_NOT_SUPPORTED
	HID_COLOUR_1
	HID_COLOUR_2
	HID_COLOUR_3
	HID_COLOUR_4
	HID_COLOUR_5
	HID_COLOUR_6
	HID_COLOUR_7
	HID_COLOUR_8
	HID_COLOUR_9
	HID_COLOUR_0
	AFX_HIDP_FAILED_MAPI_LOAD
	AFX_HIDP_FAILED_MAPI_SEND
	HIDD_PRINT_SCALING
	AFX_HIDP_FILE_SHARING
	HID_FILTER_1
	HID_FILTER_2
	HID_FILTER_3
	HID_FILTER_4
	HID_FILTER_5
	HID_FILTER_6
	HID_FILTER_7
	HID_FILTER_8
	HID_FILTER_9
	HID_FILE_PRINT_DIRECT
	HIDD_UNIQUE
	HID_IMAGE_COLORPARAMETERS
	HID_VIEW_JULIA1
	AFX_HIDP_SQL_DYNASET_NOT_SUPPORTED
	AFX_HIDP_SQL_ROW_FETCH
	HID_SHIFT_START
	HID_FILTER_0NONE
	AFX_HIDP_SET_NOT_SUPPORTED
	AFX_HIDD_CHANGEICON
	AFX_HIDP_ARCH_BADSCHEMA
	AFX_HIDD_FILEBROWSE
	HID_OPTIONS_10
	HID_DRAW_INVERT
	HIDD_QUATERNION
	HID_VIEW_MANDEL
	HIDD_FRACTAL_PARAMS
	AFX_HIDD_EDITLINKS
	AFX_HIDP_SQL_DATA_TRUNCATED
	HID_DRAW_AFFINETRANSFORMATION
	HID_WIZFINISH
	AFX_HIDP_INVALID_MAPI_DLL
	AFX_HIDD_PREVIEW_SHORTTOOLBAR
	AFX_HIDP_DAO_OBJECT_NOT_OPEN
	AFX_HIDP_ARCH_WRITEONLY
	HID_ATTRACTORS_XY
	HID_ATTRACTORS_XZ
	HID_ATTRACTORS_YZ
	HID_OLE_EDIT_LINKS
	HID_COLOUR_11
	HID_COLOUR_12
	HID_COLOUR_13
	HID_COLOUR_14
	HID_COLOUR_15
	HID_COLOUR_16
	HID_COLOUR_17
	HID_COLOUR_18
	HID_COLOUR_19
	HID_COLOUR_10
	HID_COLOUR_21
	HID_COLOUR_22
	HID_COLOUR_20
	AFX_HIDP_SQL_MULTIPLE_ROWS_AFFECTED
	HID_EDIT_PASTE_LINK
	AFX_HIDP_DAO_ENGINE_INITIALIZATION
	AFX_HIDW_DOCKBAR_FLOAT
	HID_FRACTAL_BIOMORPH
	HID_DRAW_11
	HID_DRAW_12
	HID_DRAW_13
	HID_DRAW_14
	HID_DRAW_15
	HID_DRAW_16
	HID_DRAW_17
	HID_DRAW_18
	HID_DRAW_19
	HID_DRAW_10
	HID_DRAW_21
	HID_DRAW_22
	HID_DRAW_23
	HID_DRAW_24
	HID_DRAW_25
	HID_DRAW_26
	HID_DRAW_27
	HID_DRAW_28
	HID_DRAW_29
	HID_DRAW_20
	HID_DRAW_31
	HID_DRAW_32
	HID_DRAW_33
	HID_DRAW_34
	HID_DRAW_35
	HID_DRAW_36
	HID_DRAW_37
	HID_DRAW_38
	HID_DRAW_39
	HID_DRAW_30
	HID_DRAW_41
	HID_DRAW_42
	HID_DRAW_43
	HID_DRAW_44
	HID_DRAW_45
	HID_DRAW_46
	HID_DRAW_47
	HID_DRAW_48
	HID_DRAW_49
	HID_DRAW_40
	HID_DRAW_51
	HID_DRAW_52
	HID_DRAW_53
	HID_DRAW_54
	HID_DRAW_55
	HID_DRAW_56
	HID_DRAW_57
	HID_DRAW_58
	HID_DRAW_59
	HID_DRAW_50
	HID_DRAW_61
	HID_DRAW_62
	HID_DRAW_63
	HID_DRAW_64
	HID_DRAW_65
	HID_DRAW_66
	HID_DRAW_67
	HID_DRAW_68
	HID_DRAW_69
	HID_DRAW_60
	HID_DRAW_71
	HID_DRAW_72
	HID_DRAW_73
	HID_DRAW_74
	HID_DRAW_75
	HID_DRAW_76
	HID_DRAW_77
	HID_DRAW_78
	HID_DRAW_79
	HID_DRAW_70
	HID_DRAW_81
	HID_DRAW_82
	HID_DRAW_83
	HID_DRAW_84
	HID_DRAW_85
	HID_DRAW_86
	HID_DRAW_87
	HID_DRAW_88
	HID_DRAW_89
	HID_DRAW_80
	HID_DRAW_91
	HID_DRAW_92
	HID_DRAW_93
	HID_DRAW_94
	HID_DRAW_95
	HID_DRAW_96
	HID_DRAW_97
	HID_DRAW_98
	HID_DRAW_99
	HID_DRAW_90
	AFX_HIDW_DOCKBAR_RIGHT
	HID_FILE_LOADCOLORS
	AFX_HIDP_PARSE_BYTE
	AFX_HIDP_PARSE_UINT
	HID_DRAW_BIOMORPH_BIOMORPHSONLYAPPLYTOTHEMSETMETHOD
	AFX_HIDP_ARCH_GENERIC
	HID_DRAW_MSETMETHOD
	AFX_HIDP_SQL_SNAPSHOT_NOT_SUPPORTED
	AFX_HIDD_PASTESPECIAL
	AFX_HIDP_FILE_GENERIC
	AFX_HIDP_FILE_INVALID_FILE
	HID_DRAW_1
	HID_DRAW_2
	HID_DRAW_3
	HID_DRAW_4
	HID_DRAW_5
	HID_DRAW_6
	HID_DRAW_7
	HID_DRAW_8
	HID_DRAW_9
	HID_DRAW_0
	AFX_HIDP_ARCH_READONLY
	HID_FILE_SAVECOLORS
	AFX_HIDP_SQL_RECORDSET_FORWARD_ONLY
	HID_OLE_INSERT_NEW
	AFX_HIDP_SQL_DYNAMIC_CURSOR_NOT_SUPPORTED
	HID_IMAGE_PARAMS
	AFX_HIDP_DAO_COLUMNUNAVAILABLE
98	Topics
61	Jumps
16	Keywords
22	Bitmaps


File size: 72,934
Hall+Zeck compression decreased help file by 45,843 bytes.
Compile time: 0 minutes, 10 seconds
1 note, 0 warnings
